1721156085605 request GET : /users 
1721157317605 request GET : /users 
1721157339329 request GET : /users 
1721158016880 request POST : /action 
1721158028589 request POST : /action 
1721158330974 request GET : /user/:301 
1721158350372 request GET : /user/:201 
1721158356274 request GET : /user/:200 
1721158392874 request GET : /user/:200 
1721158417420 request GET : /user/200 
1721158429775 request GET : /user/200 
1721158457916 request GET : /user/?id=201 
1721158485980 request GET : /user/?id=201 
1721158491277 request GET : /user/?id=220 
1721158499941 request GET : /user/220 
1721280018665 request POST : /action 
1721280074341 request POST : /action 
1721280085419 request POST : /action 
1721280100549 request POST : /action 
1721280371584 request POST : /action 
1721280375991 request POST : /action 
1721312374199 request GET : /users 
1721312375591 request GET : /users 
1721312411211 request GET : /users 
1721312454081 request GET : /users 
1721312464539 request GET : /users 
1721312977040 request GET : /users 
1721326043234 request GET : /users 
1721326091749 request GET : /users 
1721326106918 request GET : /users 
1721326675875 request GET : /user/6698a77356d8d8416426f6f1 
1721326686807 request GET : /user/6698a77356d8d8416426f6f1 
1721326698636 request GET : /user/:6698a77356d8d8416426f6f1 
1721326725869 request GET : /user/6698a77356d8d8416426f6f1 
1721326860819 request GET : /user/6698a77356d8d8416426f6f1 
1721326886301 request GET : /user/6698a77356d8d8416426f6f1 
1721326917014 request GET : /user/6698a77356d8d8416426f6f1 
1721327277275 request GET : /user/6698a77356d8d8416426f6f1 
1721327378201 request GET : /user/6698a77356d8d8416426f6f1 
1721328073564 request GET : /action/6698a77356d8d8416426f6f1 
1721328117335 request DELETE : /action/6698a77356d8d8416426f6f1 
1721328150060 request GET : /action/6698a77356d8d8416426f6f1 
1721328160552 request GET : /action/6698a77356d8d8416426f6f1 
1721328167205 request DELETE : /action/6698a77356d8d8416426f6f1 
1721328225905 request DELETE : /action/6698a77356d8d8416426f6f1 
1721328259536 request DELETE : /action/6698a77356d8d8416426f6f1 
1721328307936 request DELETE : /action/ 
1721328316167 request DELETE : /action/ 
1721328326314 request DELETE : /action/ 
1721328355567 request DELETE : /action/ 
1721328370394 request DELETE : /action/ 
1721328394371 request DELETE : /action/ 
1721328506637 request DELETE : /action/ 
1721328517334 request DELETE : /action/ 
1721328520053 request DELETE : /action/ 
1721328628276 request DELETE : /action/ 
1721328648115 request DELETE : /action/ 
1721328650912 request DELETE : /action/ 
1721328716513 request DELETE : /action/ 
1721328735840 request DELETE : /action/ 
1721328798167 request DELETE : /action/6698a655825cdc4bbe8e6574 
1721328817228 request DELETE : /action/6698a655825cdc4bbe8e6574 
1721360437681 request GET : /user/6698a64a1e3bbaaa83db2cfb 
1721360620530 request GET : /user/6698a64a1e3bbaaa83db2cfb 
1721362057878 request GET : /user/6698a64a1e3bbaaa83db2cfb 
1721362116830 request GET : /user/6698a64a1e3bbaaa83db2cfb 
1721362119469 request GET : /user/6698a64a1e3bbaaa83db2cfb 
1721362139281 request POST : / 
1721362191289 request POST : /user/ 
1721362227965 request GET : /user/ 
1721363234508 request POST : /user/ 
1721368215574 request POST : /user/ 
1721368247101 request POST : /user/ 
1721368374439 request POST : /user/ 
1721368502209 request GET : /user/total_user 
1721368615710 request GET : /user/total_user 
1721369269150 request GET : /user/ 
1721369303101 request POST : /user/ 
1721369306101 request GET : /user/ 
1721369494533 request GET : /user/ 
